
> erp-main-app@1.0.0 build
> next build

[1G[0K   [1m[38;2;173;127;168m▲ Next.js 15.3.4[39m[22m
   - Environments: .env.local, .env
   - Experiments (use with caution):
     [1m✓[22m webpackBuildWorker

 [37m[1m [22m[39m Creating an optimized production build ...
Failed to compile.

./src/app/(app)/hr/page.tsx
Module not found: Can't resolve '@/components/admin-panel/content-layout'

https://nextjs.org/docs/messages/module-not-found

./src/app/(app)/hr/page.tsx
Module not found: Can't resolve '@/components/ui/card'

https://nextjs.org/docs/messages/module-not-found

./src/app/(app)/inventory/page.tsx
Module not found: Can't resolve '@/components/admin-panel/content-layout'

https://nextjs.org/docs/messages/module-not-found

./src/app/(app)/inventory/page.tsx
Module not found: Can't resolve '@/components/ui/card'

https://nextjs.org/docs/messages/module-not-found

./src/app/(app)/layout.tsx
Module not found: Can't resolve '@/components/admin-panel/admin-panel-layout'

https://nextjs.org/docs/messages/module-not-found


> Build failed because of webpack errors
[1G[0K⠙[1G[0K[1mnpm[22m [31merror[39m Lifecycle script `build` failed with error:
[1G[0K⠙[1G[0K[1mnpm[22m [31merror[39m [94mcode[39m [33m1[39m
[1G[0K⠙[1G[0K[1mnpm[22m [31merror[39m [94mpath[39m /Users/third/Documents/Erp/micro-frontend-project/apps/erp-main-app
[1G[0K⠙[1G[0K[1mnpm[22m [31merror[39m [94mworkspace[39m erp-main-app@1.0.0
[1G[0K⠙[1G[0K[1mnpm[22m [31merror[39m [94mlocation[39m /Users/third/Documents/Erp/micro-frontend-project/apps/erp-main-app
[1G[0K⠙[1G[0K[1mnpm[22m [31merror[39m command failed
[1G[0K⠙[1G[0K[1mnpm[22m [31merror[39m [94mcommand[39m sh -c next build
[1G[0K⠙[1G[0K
